Tue Nov  8 08:04:09 +07 2022
Linux localhost 4.19.152-perf+ #1 SMP PREEMPT Thu Jun 30 13:52:40 CST 2022 aarch64 Android
make is /data/data/com.termux/files/usr/bin/make
autoconf is /data/data/com.termux/files/usr/bin/autoconf
automake is /data/data/com.termux/files/usr/bin/automake
m4 is /data/data/com.termux/files/usr/bin/m4
getconf is /data/data/com.termux/files/usr/bin/getconf
gzip is /data/data/com.termux/files/usr/bin/gzip
bzip2 is /data/data/com.termux/files/usr/bin/bzip2
bison is /data/data/com.termux/files/usr/bin/bison
g++ is /data/data/com.termux/files/usr/bin/g++
git is /data/data/com.termux/files/usr/bin/git
cmake is /data/data/com.termux/files/usr/bin/cmake
pkg-config is /data/data/com.termux/files/usr/bin/pkg-config
re2c is /data/data/com.termux/files/usr/bin/re2c
wget is /data/data/com.termux/files/usr/bin/wget
libtool is /data/data/com.termux/files/usr/bin/libtool
wget is /data/data/com.termux/files/usr/bin/wget
gcc is /data/data/com.termux/files/usr/bin/gcc
2022-11-08 08:04:20 URL:https://codeload.github.com/php/php-src/tar.gz/refs/tags/php-8.0.24 [15720128] -> "-" [1]
2022-11-08 08:04:23 URL:https://codeload.github.com/madler/zlib/tar.gz/refs/tags/v1.2.11 [644492/644492] -> "-" [1]
Checking for shared library support...
Building shared library libz.so.1.2.11 with gcc.
Checking for size_t... Yes.
Checking for off64_t... Yes.
Checking for fseeko... Yes.
Checking for strerror... Yes.
Checking for unistd.h... Yes.
Checking for stdarg.h... Yes.
Checking whether to use vs[n]printf() or s[n]printf()... using vs[n]printf().
Checking for vsnprintf() in stdio.h... Yes.
Checking for return value of vsnprintf()... Yes.
Checking for attribute(visibility) support... No.
gcc -O2 -fPIC -march=native -mtune=native -fno-gcse  -D_LARGEFILE64_SOURCE=1 -I. -c -o example.o test/example.c
clang-15: warning: optimization flag '-fno-gcse' is not supported [-Wignored-optimization-argument]
test/example.c:88:6: warning: a function definition without a prototype is deprecated in all versions of C and is not supported in C2x [-Wdeprecated-non-prototype]
void test_compress(compr, comprLen, uncompr, uncomprLen)
     ^
test/example.c:114:6: warning: a function definition without a prototype is deprecated in all versions of C and is not supported in C2x [-Wdeprecated-non-prototype]
void test_gzio(fname, uncompr, uncomprLen)
     ^
test/example.c:200:6: warning: a function definition without a prototype is deprecated in all versions of C and is not supported in C2x [-Wdeprecated-non-prototype]
void test_deflate(compr, comprLen)
     ^
test/example.c:238:6: warning: a function definition without a prototype is deprecated in all versions of C and is not supported in C2x [-Wdeprecated-non-prototype]
void test_inflate(compr, comprLen, uncompr, uncomprLen)
     ^
test/example.c:279:6: warning: a function definition without a prototype is deprecated in all versions of C and is not supported in C2x [-Wdeprecated-non-prototype]
void test_large_deflate(compr, comprLen, uncompr, uncomprLen)
     ^
test/example.c:334:6: warning: a function definition without a prototype is deprecated in all versions of C and is not supported in C2x [-Wdeprecated-non-prototype]
void test_large_inflate(compr, comprLen, uncompr, uncomprLen)
     ^
test/example.c:375:6: warning: a function definition without a prototype is deprecated in all versions of C and is not supported in C2x [-Wdeprecated-non-prototype]
void test_flush(compr, comprLen)
     ^
test/example.c:413:6: warning: a function definition without a prototype is deprecated in all versions of C and is not supported in C2x [-Wdeprecated-non-prototype]
void test_sync(compr, comprLen, uncompr, uncomprLen)
     ^
test/example.c:457:6: warning: a function definition without a prototype is deprecated in all versions of C and is not supported in C2x [-Wdeprecated-non-prototype]
void test_dict_deflate(compr, comprLen)
     ^
test/example.c:494:6: warning: a function definition without a prototype is deprecated in all versions of C and is not supported in C2x [-Wdeprecated-non-prototype]
void test_dict_inflate(compr, comprLen, uncompr, uncomprLen)
     ^
test/example.c:545:5: warning: a function definition without a prototype is deprecated in all versions of C and is not supported in C2x [-Wdeprecated-non-prototype]
int main(argc, argv)
    ^
test/example.c:545:5: warning: a function definition without a prototype is deprecated in all versions of C and is not supported in C2x [-Wdeprecated-non-prototype]
12 warnings generated.
gcc -O2 -fPIC -march=native -mtune=native -fno-gcse  -D_LARGEFILE64_SOURCE=1  -c -o adler32.o adler32.c
clang-15: warning: optimization flag '-fno-gcse' is not supported [-Wignored-optimization-argument]
adler32.c:63:15: warning: a function definition without a prototype is deprecated in all versions of C and is not supported in C2x [-Wdeprecated-non-prototype]
uLong ZEXPORT adler32_z(adler, buf, len)
              ^
adler32.c:134:15: warning: a function definition without a prototype is deprecated in all versions of C and is not supported in C2x [-Wdeprecated-non-prototype]
uLong ZEXPORT adler32(adler, buf, len)
              ^
adler32.c:143:13: warning: a function definition without a prototype is deprecated in all versions of C and is not supported in C2x [-Wdeprecated-non-prototype]
local uLong adler32_combine_(adler1, adler2, len2)
            ^
adler32.c:143:13: warning: a function definition without a prototype is deprecated in all versions of C and is not supported in C2x [-Wdeprecated-non-prototype]
adler32.c:172:15: warning: a function definition without a prototype is deprecated in all versions of C and is not supported in C2x [-Wdeprecated-non-prototype]
uLong ZEXPORT adler32_combine(adler1, adler2, len2)
              ^
adler32.c:180:15: warning: a function definition without a prototype is deprecated in all versions of C and is not supported in C2x [-Wdeprecated-non-prototype]
uLong ZEXPORT adler32_combine64(adler1, adler2, len2)
              ^
6 warnings generated.
gcc -O2 -fPIC -march=native -mtune=native -fno-gcse  -D_LARGEFILE64_SOURCE=1  -c -o crc32.o crc32.c
clang-15: warning: optimization flag '-fno-gcse' is not supported [-Wignored-optimization-argument]
crc32.c:202:23: warning: a function definition without a prototype is deprecated in all versions of C and is not supported in C2x [-Wdeprecated-non-prototype]
unsigned long ZEXPORT crc32_z(crc, buf, len)
                      ^
crc32.c:237:23: warning: a function definition without a prototype is deprecated in all versions of C and is not supported in C2x [-Wdeprecated-non-prototype]
unsigned long ZEXPORT crc32(crc, buf, len)
                      ^
crc32.c:266:21: warning: a function definition without a prototype is deprecated in all versions of C and is not supported in C2x [-Wdeprecated-non-prototype]
local unsigned long crc32_little(crc, buf, len)
                    ^
crc32.c:266:21: warning: a function definition without a prototype is deprecated in all versions of C and is not supported in C2x [-Wdeprecated-non-prototype]
crc32.c:306:21: warning: a function definition without a prototype is deprecated in all versions of C and is not supported in C2x [-Wdeprecated-non-prototype]
local unsigned long crc32_big(crc, buf, len)
                    ^
crc32.c:306:21: warning: a function definition without a prototype is deprecated in all versions of C and is not supported in C2x [-Wdeprecated-non-prototype]
crc32.c:344:21: warning: a function definition without a prototype is deprecated in all versions of C and is not supported in C2x [-Wdeprecated-non-prototype]
local unsigned long gf2_matrix_times(mat, vec)
                    ^
crc32.c:344:21: warning: a function definition without a prototype is deprecated in all versions of C and is not supported in C2x [-Wdeprecated-non-prototype]
crc32.c:361:12: warning: a function definition without a prototype is deprecated in all versions of C and is not supported in C2x [-Wdeprecated-non-prototype]
local void gf2_matrix_square(square, mat)
           ^
crc32.c:361:12: warning: a function definition without a prototype is deprecated in all versions of C and is not supported in C2x [-Wdeprecated-non-prototype]
crc32.c:372:13: warning: a function definition without a prototype is deprecated in all versions of C and is not supported in C2x [-Wdeprecated-non-prototype]
local uLong crc32_combine_(crc1, crc2, len2)
            ^
crc32.c:372:13: warning: a function definition without a prototype is deprecated in all versions of C and is not supported in C2x [-Wdeprecated-non-prototype]
crc32.c:428:15: warning: a function definition without a prototype is deprecated in all versions of C and is not supported in C2x [-Wdeprecated-non-prototype]
uLong ZEXPORT crc32_combine(crc1, crc2, len2)
              ^
crc32.c:436:15: warning: a function definition without a prototype is deprecated in all versions of C and is not supported in C2x [-Wdeprecated-non-prototype]
uLong ZEXPORT crc32_combine64(crc1, crc2, len2)
              ^
14 warnings generated.
gcc -O2 -fPIC -march=native -mtune=native -fno-gcse  -D_LARGEFILE64_SOURCE=1  -c -o deflate.o deflate.c
clang-15: warning: optimization flag '-fno-gcse' is not supported [-Wignored-optimization-argument]
deflate.c:201:12: warning: a function definition without a prototype is deprecated in all versions of C and is not supported in C2x [-Wdeprecated-non-prototype]
local void slide_hash(s)
           ^
deflate.c:201:12: warning: a function definition without a prototype is deprecated in all versions of C and is not supported in C2x [-Wdeprecated-non-prototype]
deflate.c:228:13: warning: a function definition without a prototype is deprecated in all versions of C and is not supported in C2x [-Wdeprecated-non-prototype]
int ZEXPORT deflateInit_(strm, level, version, stream_size)
            ^
deflate.c:240:13: warning: a function definition without a prototype is deprecated in all versions of C and is not supported in C2x [-Wdeprecated-non-prototype]
int ZEXPORT deflateInit2_(strm, level, method, windowBits, memLevel, strategy,
            ^
deflate.c:353:11: warning: a function definition without a prototype is deprecated in all versions of C and is not supported in C2x [-Wdeprecated-non-prototype]
local int deflateStateCheck (strm)
          ^
deflate.c:353:11: warning: a function definition without a prototype is deprecated in all versions of C and is not supported in C2x [-Wdeprecated-non-prototype]
deflate.c:376:13: warning: a function definition without a prototype is deprecated in all versions of C and is not supported in C2x [-Wdeprecated-non-prototype]
int ZEXPORT deflateSetDictionary (strm, dictionary, dictLength)
            ^
deflate.c:445:13: warning: a function definition without a prototype is deprecated in all versions of C and is not supported in C2x [-Wdeprecated-non-prototype]
int ZEXPORT deflateGetDictionary (strm, dictionary, dictLength)
            ^
deflate.c:467:13: warning: a function definition without a prototype is deprecated in all versions of C and is not supported in C2x [-Wdeprecated-non-prototype]
int ZEXPORT deflateResetKeep (strm)
            ^
deflate.c:505:13: warning: a function definition without a prototype is deprecated in all versions of C and is not supported in C2x [-Wdeprecated-non-prototype]
int ZEXPORT deflateReset (strm)
            ^
deflate.c:517:13: warning: a function definition without a prototype is deprecated in all versions of C and is not supported in C2x [-Wdeprecated-non-prototype]
int ZEXPORT deflateSetHeader (strm, head)
            ^
deflate.c:528:13: warning: a function definition without a prototype is deprecated in all versions of C and is not supported in C2x [-Wdeprecated-non-prototype]
int ZEXPORT deflatePending (strm, pending, bits)
            ^
deflate.c:542:13: warning: a function definition without a prototype is deprecated in all versions of C and is not supported in C2x [-Wdeprecated-non-prototype]
int ZEXPORT deflatePrime (strm, bits, value)
            ^
deflate.c:568:13: warning: a function definition without a prototype is deprecated in all versions of C and is not supported in C2x [-Wdeprecated-non-prototype]
int ZEXPORT deflateParams(strm, level, strategy)
            ^
deflate.c:617:13: warning: a function definition without a prototype is deprecated in all versions of C and is not supported in C2x [-Wdeprecated-non-prototype]
int ZEXPORT deflateTune(strm, good_length, max_lazy, nice_length, max_chain)
            ^
deflate.c:652:15: warning: a function definition without a prototype is deprecated in all versions of C and is not supported in C2x [-Wdeprecated-non-prototype]
uLong ZEXPORT deflateBound(strm, sourceLen)
              ^
deflate.c:716:12: warning: a function definition without a prototype is deprecated in all versions of C and is not supported in C2x [-Wdeprecated-non-prototype]
local void putShortMSB (s, b)
           ^
deflate.c:716:12: warning: a function definition without a prototype is deprecated in all versions of C and is not supported in C2x [-Wdeprecated-non-prototype]
deflate.c:730:12: warning: a function definition without a prototype is deprecated in all versions of C and is not supported in C2x [-Wdeprecated-non-prototype]
local void flush_pending(strm)
           ^
deflate.c:730:12: warning: a function definition without a prototype is deprecated in all versions of C and is not supported in C2x [-Wdeprecated-non-prototype]
deflate.c:763:13: warning: a function definition without a prototype is deprecated in all versions of C and is not supported in C2x [-Wdeprecated-non-prototype]
int ZEXPORT deflate (strm, flush)
            ^
deflate.c:1076:13: warning: a function definition without a prototype is deprecated in all versions of C and is not supported in C2x [-Wdeprecated-non-prototype]
int ZEXPORT deflateEnd (strm)
            ^
deflate.c:1102:13: warning: a function definition without a prototype is deprecated in all versions of C and is not supported in C2x [-Wdeprecated-non-prototype]
int ZEXPORT deflateCopy (dest, source)
            ^
deflate.c:1164:16: warning: a function definition without a prototype is deprecated in all versions of C and is not supported in C2x [-Wdeprecated-non-prototype]
local unsigned read_buf(strm, buf, size)
               ^
deflate.c:1164:16: warning: a function definition without a prototype is deprecated in all versions of C and is not supported in C2x [-Wdeprecated-non-prototype]
deflate.c:1194:12: warning: a function definition without a prototype is deprecated in all versions of C and is not supported in C2x [-Wdeprecated-non-prototype]
local void lm_init (s)
           ^
deflate.c:1194:12: warning: a function definition without a prototype is deprecated in all versions of C and is not supported in C2x [-Wdeprecated-non-prototype]
deflate.c:1236:12: warning: a function definition without a prototype is deprecated in all versions of C and is not supported in C2x [-Wdeprecated-non-prototype]
local uInt longest_match(s, cur_match)
           ^
deflate.c:1236:12: warning: a function definition without a prototype is deprecated in all versions of C and is not supported in C2x [-Wdeprecated-non-prototype]
deflate.c:1482:12: warning: a function definition without a prototype is deprecated in all versions of C and is not supported in C2x [-Wdeprecated-non-prototype]
local void fill_window(s)
           ^
deflate.c:1482:12: warning: a function definition without a prototype is deprecated in all versions of C and is not supported in C2x [-Wdeprecated-non-prototype]
deflate.c:1643:19: warning: a function definition without a prototype is deprecated in all versions of C and is not supported in C2x [-Wdeprecated-non-prototype]
local block_state deflate_stored(s, flush)
                  ^
deflate.c:1643:19: warning: a function definition without a prototype is deprecated in all versions of C and is not supported in C2x [-Wdeprecated-non-prototype]
deflate.c:1824:19: warning: a function definition without a prototype is deprecated in all versions of C and is not supported in C2x [-Wdeprecated-non-prototype]
local block_state deflate_fast(s, flush)
                  ^
deflate.c:1824:19: warning: a function definition without a prototype is deprecated in all versions of C and is not supported in C2x [-Wdeprecated-non-prototype]
deflate.c:1926:19: warning: a function definition without a prototype is deprecated in all versions of C and is not supported in C2x [-Wdeprecated-non-prototype]
local block_state deflate_slow(s, flush)
                  ^
deflate.c:1926:19: warning: a function definition without a prototype is deprecated in all versions of C and is not supported in C2x [-Wdeprecated-non-prototype]
deflate.c:2057:19: warning: a function definition without a prototype is deprecated in all versions of C and is not supported in C2x [-Wdeprecated-non-prototype]
local block_state deflate_rle(s, flush)
                  ^
deflate.c:2057:19: warning: a function definition without a prototype is deprecated in all versions of C and is not supported in C2x [-Wdeprecated-non-prototype]
deflate.c:2130:19: warning: a function definition without a prototype is deprecated in all versions of C and is not supported in C2x [-Wdeprecated-non-prototype]
local block_state deflate_huff(s, flush)
                  ^
deflate.c:2130:19: warning: a function definition without a prototype is deprecated in all versions of C and is not supported in C2x [-Wdeprecated-non-prototype]
41 warnings generated.
gcc -O2 -fPIC -march=native -mtune=native -fno-gcse  -D_LARGEFILE64_SOURCE=1  -c -o infback.o infback.c
clang-15: warning: optimization flag '-fno-gcse' is not supported [-Wignored-optimization-argument]
infback.c:28:13: warning: a function definition without a prototype is deprecated in all versions of C and is not supported in C2x [-Wdeprecated-non-prototype]
int ZEXPORT inflateBackInit_(strm, windowBits, window, version, stream_size)
            ^
infback.c:82:12: warning: a function definition without a prototype is deprecated in all versions of C and is not supported in C2x [-Wdeprecated-non-prototype]
local void fixedtables(state)
           ^
infback.c:82:12: warning: a function definition without a prototype is deprecated in all versions of C and is not supported in C2x [-Wdeprecated-non-prototype]
infback.c:250:13: warning: a function definition without a prototype is deprecated in all versions of C and is not supported in C2x [-Wdeprecated-non-prototype]
int ZEXPORT inflateBack(strm, in, in_desc, out, out_desc)
            ^
infback.c:631:13: warning: a function definition without a prototype is deprecated in all versions of C and is not supported in C2x [-Wdeprecated-non-prototype]
int ZEXPORT inflateBackEnd(strm)
            ^
5 warnings generated.
gcc -O2 -fPIC -march=native -mtune=native -fno-gcse  -D_LARGEFILE64_SOURCE=1  -c -o inffast.o inffast.c
clang-15: warning: optimization flag '-fno-gcse' is not supported [-Wignored-optimization-argument]
inffast.c:50:20: warning: a function definition without a prototype is deprecated in all versions of C and is not supported in C2x [-Wdeprecated-non-prototype]
void ZLIB_INTERNAL inflate_fast(strm, start)
                   ^
1 warning generated.
gcc -O2 -fPIC -march=native -mtune=native -fno-gcse  -D_LARGEFILE64_SOURCE=1  -c -o inflate.o inflate.c
clang-15: warning: optimization flag '-fno-gcse' is not supported [-Wignored-optimization-argument]
inflate.c:105:11: warning: a function definition without a prototype is deprecated in all versions of C and is not supported in C2x [-Wdeprecated-non-prototype]
local int inflateStateCheck(strm)
          ^
inflate.c:105:11: warning: a function definition without a prototype is deprecated in all versions of C and is not supported in C2x [-Wdeprecated-non-prototype]
inflate.c:119:13: warning: a function definition without a prototype is deprecated in all versions of C and is not supported in C2x [-Wdeprecated-non-prototype]
int ZEXPORT inflateResetKeep(strm)
            ^
inflate.c:144:13: warning: a function definition without a prototype is deprecated in all versions of C and is not supported in C2x [-Wdeprecated-non-prototype]
int ZEXPORT inflateReset(strm)
            ^
inflate.c:157:13: warning: a function definition without a prototype is deprecated in all versions of C and is not supported in C2x [-Wdeprecated-non-prototype]
int ZEXPORT inflateReset2(strm, windowBits)
            ^
inflate.c:195:13: warning: a function definition without a prototype is deprecated in all versions of C and is not supported in C2x [-Wdeprecated-non-prototype]
int ZEXPORT inflateInit2_(strm, windowBits, version, stream_size)
            ^
inflate.c:239:13: warning: a function definition without a prototype is deprecated in all versions of C and is not supported in C2x [-Wdeprecated-non-prototype]
int ZEXPORT inflateInit_(strm, version, stream_size)
            ^
inflate.c:247:13: warning: a function definition without a prototype is deprecated in all versions of C and is not supported in C2x [-Wdeprecated-non-prototype]
int ZEXPORT inflatePrime(strm, bits, value)
            ^
inflate.c:278:12: warning: a function definition without a prototype is deprecated in all versions of C and is not supported in C2x [-Wdeprecated-non-prototype]
local void fixedtables(state)
           ^
inflate.c:278:12: warning: a function definition without a prototype is deprecated in all versions of C and is not supported in C2x [-Wdeprecated-non-prototype]
inflate.c:396:11: warning: a function definition without a prototype is deprecated in all versions of C and is not supported in C2x [-Wdeprecated-non-prototype]
local int updatewindow(strm, end, copy)
          ^
inflate.c:396:11: warning: a function definition without a prototype is deprecated in all versions of C and is not supported in C2x [-Wdeprecated-non-prototype]
inflate.c:622:13: warning: a function definition without a prototype is deprecated in all versions of C and is not supported in C2x [-Wdeprecated-non-prototype]
int ZEXPORT inflate(strm, flush)
            ^
inflate.c:1277:13: warning: a function definition without a prototype is deprecated in all versions of C and is not supported in C2x [-Wdeprecated-non-prototype]
int ZEXPORT inflateEnd(strm)
            ^
inflate.c:1291:13: warning: a function definition without a prototype is deprecated in all versions of C and is not supported in C2x [-Wdeprecated-non-prototype]
int ZEXPORT inflateGetDictionary(strm, dictionary, dictLength)
            ^
inflate.c:1314:13: warning: a function definition without a prototype is deprecated in all versions of C and is not supported in C2x [-Wdeprecated-non-prototype]
int ZEXPORT inflateSetDictionary(strm, dictionary, dictLength)
            ^
inflate.c:1349:13: warning: a function definition without a prototype is deprecated in all versions of C and is not supported in C2x [-Wdeprecated-non-prototype]
int ZEXPORT inflateGetHeader(strm, head)
            ^
inflate.c:1377:16: warning: a function definition without a prototype is deprecated in all versions of C and is not supported in C2x [-Wdeprecated-non-prototype]
local unsigned syncsearch(have, buf, len)
               ^
inflate.c:1377:16: warning: a function definition without a prototype is deprecated in all versions of C and is not supported in C2x [-Wdeprecated-non-prototype]
inflate.c:1400:13: warning: a function definition without a prototype is deprecated in all versions of C and is not supported in C2x [-Wdeprecated-non-prototype]
int ZEXPORT inflateSync(strm)
            ^
inflate.c:1451:13: warning: a function definition without a prototype is deprecated in all versions of C and is not supported in C2x [-Wdeprecated-non-prototype]
int ZEXPORT inflateSyncPoint(strm)
            ^
inflate.c:1461:13: warning: a function definition without a prototype is deprecated in all versions of C and is not supported in C2x [-Wdeprecated-non-prototype]
int ZEXPORT inflateCopy(dest, source)
            ^
inflate.c:1508:13: warning: a function definition without a prototype is deprecated in all versions of C and is not supported in C2x [-Wdeprecated-non-prototype]
int ZEXPORT inflateUndermine(strm, subvert)
            ^
inflate.c:1526:13: warning: a function definition without a prototype is deprecated in all versions of C and is not supported in C2x [-Wdeprecated-non-prototype]
int ZEXPORT inflateValidate(strm, check)
            ^
inflate.c:1541:14: warning: a function definition without a prototype is deprecated in all versions of C and is not supported in C2x [-Wdeprecated-non-prototype]
long ZEXPORT inflateMark(strm)
             ^
inflate.c:1554:23: warning: a function definition without a prototype is deprecated in all versions of C and is not supported in C2x [-Wdeprecated-non-prototype]
unsigned long ZEXPORT inflateCodesUsed(strm)
                      ^
26 warnings generated.
gcc -O2 -fPIC -march=native -mtune=native -fno-gcse  -D_LARGEFILE64_SOURCE=1  -c -o inftrees.o inftrees.c
clang-15: warning: optimization flag '-fno-gcse' is not supported [-Wignored-optimization-argument]
inftrees.c:32:19: warning: a function definition without a prototype is deprecated in all versions of C and is not supported in C2x [-Wdeprecated-non-prototype]
int ZLIB_INTERNAL inflate_table(type, lens, codes, table, bits, work)
                  ^
1 warning generated.
gcc -O2 -fPIC -march=native -mtune=native -fno-gcse  -D_LARGEFILE64_SOURCE=1  -c -o trees.o trees.c
clang-15: warning: optimization flag '-fno-gcse' is not supported [-Wignored-optimization-argument]
trees.c:379:20: warning: a function definition without a prototype is deprecated in all versions of C and is not supported in C2x [-Wdeprecated-non-prototype]
void ZLIB_INTERNAL _tr_init(s)
                   ^
trees.c:407:12: warning: a function definition without a prototype is deprecated in all versions of C and is not supported in C2x [-Wdeprecated-non-prototype]
local void init_block(s)
           ^
trees.c:407:12: warning: a function definition without a prototype is deprecated in all versions of C and is not supported in C2x [-Wdeprecated-non-prototype]
trees.c:451:12: warning: a function definition without a prototype is deprecated in all versions of C and is not supported in C2x [-Wdeprecated-non-prototype]
local void pqdownheap(s, tree, k)
           ^
trees.c:451:12: warning: a function definition without a prototype is deprecated in all versions of C and is not supported in C2x [-Wdeprecated-non-prototype]
trees.c:486:12: warning: a function definition without a prototype is deprecated in all versions of C and is not supported in C2x [-Wdeprecated-non-prototype]
local void gen_bitlen(s, desc)
           ^
trees.c:486:12: warning: a function definition without a prototype is deprecated in all versions of C and is not supported in C2x [-Wdeprecated-non-prototype]
trees.c:572:12: warning: a function definition without a prototype is deprecated in all versions of C and is not supported in C2x [-Wdeprecated-non-prototype]
local void gen_codes (tree, max_code, bl_count)
           ^
trees.c:572:12: warning: a function definition without a prototype is deprecated in all versions of C and is not supported in C2x [-Wdeprecated-non-prototype]
trees.c:615:12: warning: a function definition without a prototype is deprecated in all versions of C and is not supported in C2x [-Wdeprecated-non-prototype]
local void build_tree(s, desc)
           ^
trees.c:615:12: warning: a function definition without a prototype is deprecated in all versions of C and is not supported in C2x [-Wdeprecated-non-prototype]
trees.c:703:12: warning: a function definition without a prototype is deprecated in all versions of C and is not supported in C2x [-Wdeprecated-non-prototype]
local void scan_tree (s, tree, max_code)
           ^
trees.c:703:12: warning: a function definition without a prototype is deprecated in all versions of C and is not supported in C2x [-Wdeprecated-non-prototype]
trees.c:748:12: warning: a function definition without a prototype is deprecated in all versions of C and is not supported in C2x [-Wdeprecated-non-prototype]
local void send_tree (s, tree, max_code)
           ^
trees.c:748:12: warning: a function definition without a prototype is deprecated in all versions of C and is not supported in C2x [-Wdeprecated-non-prototype]
trees.c:799:11: warning: a function definition without a prototype is deprecated in all versions of C and is not supported in C2x [-Wdeprecated-non-prototype]
local int build_bl_tree(s)
          ^
trees.c:799:11: warning: a function definition without a prototype is deprecated in all versions of C and is not supported in C2x [-Wdeprecated-non-prototype]
trees.c:834:12: warning: a function definition without a prototype is deprecated in all versions of C and is not supported in C2x [-Wdeprecated-non-prototype]
local void send_all_trees(s, lcodes, dcodes, blcodes)
           ^
trees.c:834:12: warning: a function definition without a prototype is deprecated in all versions of C and is not supported in C2x [-Wdeprecated-non-prototype]
trees.c:863:20: warning: a function definition without a prototype is deprecated in all versions of C and is not supported in C2x [-Wdeprecated-non-prototype]
void ZLIB_INTERNAL _tr_stored_block(s, buf, stored_len, last)
                   ^
trees.c:886:20: warning: a function definition without a prototype is deprecated in all versions of C and is not supported in C2x [-Wdeprecated-non-prototype]
void ZLIB_INTERNAL _tr_flush_bits(s)
                   ^
trees.c:896:20: warning: a function definition without a prototype is deprecated in all versions of C and is not supported in C2x [-Wdeprecated-non-prototype]
void ZLIB_INTERNAL _tr_align(s)
                   ^
trees.c:911:20: warning: a function definition without a prototype is deprecated in all versions of C and is not supported in C2x [-Wdeprecated-non-prototype]
void ZLIB_INTERNAL _tr_flush_block(s, buf, stored_len, last)
                   ^
trees.c:1014:19: warning: a function definition without a prototype is deprecated in all versions of C and is not supported in C2x [-Wdeprecated-non-prototype]
int ZLIB_INTERNAL _tr_tally (s, dist, lc)
                  ^
trees.c:1064:12: warning: a function definition without a prototype is deprecated in all versions of C and is not supported in C2x [-Wdeprecated-non-prototype]
local void compress_block(s, ltree, dtree)
           ^
trees.c:1064:12: warning: a function definition without a prototype is deprecated in all versions of C and is not supported in C2x [-Wdeprecated-non-prototype]
trees.c:1124:11: warning: a function definition without a prototype is deprecated in all versions of C and is not supported in C2x [-Wdeprecated-non-prototype]
local int detect_data_type(s)
          ^
trees.c:1124:11: warning: a function definition without a prototype is deprecated in all versions of C and is not supported in C2x [-Wdeprecated-non-prototype]
trees.c:1158:16: warning: a function definition without a prototype is deprecated in all versions of C and is not supported in C2x [-Wdeprecated-non-prototype]
local unsigned bi_reverse(code, len)
               ^
trees.c:1158:16: warning: a function definition without a prototype is deprecated in all versions of C and is not supported in C2x [-Wdeprecated-non-prototype]
trees.c:1173:12: warning: a function definition without a prototype is deprecated in all versions of C and is not supported in C2x [-Wdeprecated-non-prototype]
local void bi_flush(s)
           ^
trees.c:1173:12: warning: a function definition without a prototype is deprecated in all versions of C and is not supported in C2x [-Wdeprecated-non-prototype]
trees.c:1190:12: warning: a function definition without a prototype is deprecated in all versions of C and is not supported in C2x [-Wdeprecated-non-prototype]
local void bi_windup(s)
           ^
trees.c:1190:12: warning: a function definition without a prototype is deprecated in all versions of C and is not supported in C2x [-Wdeprecated-non-prototype]
34 warnings generated.
gcc -O2 -fPIC -march=native -mtune=native -fno-gcse  -D_LARGEFILE64_SOURCE=1  -c -o zutil.o zutil.c
clang-15: warning: optimization flag '-fno-gcse' is not supported [-Wignored-optimization-argument]
zutil.c:133:22: warning: a function definition without a prototype is deprecated in all versions of C and is not supported in C2x [-Wdeprecated-non-prototype]
const char * ZEXPORT zError(err)
                     ^
zutil.c:305:22: warning: a function definition without a prototype is deprecated in all versions of C and is not supported in C2x [-Wdeprecated-non-prototype]
voidpf ZLIB_INTERNAL zcalloc (opaque, items, size)
                     ^
zutil.c:315:20: warning: a function definition without a prototype is deprecated in all versions of C and is not supported in C2x [-Wdeprecated-non-prototype]
void ZLIB_INTERNAL zcfree (opaque, ptr)
                   ^
3 warnings generated.
gcc -O2 -fPIC -march=native -mtune=native -fno-gcse  -D_LARGEFILE64_SOURCE=1  -c -o compress.o compress.c
clang-15: warning: optimization flag '-fno-gcse' is not supported [-Wignored-optimization-argument]
compress.c:22:13: warning: a function definition without a prototype is deprecated in all versions of C and is not supported in C2x [-Wdeprecated-non-prototype]
int ZEXPORT compress2 (dest, destLen, source, sourceLen, level)
            ^
compress.c:68:13: warning: a function definition without a prototype is deprecated in all versions of C and is not supported in C2x [-Wdeprecated-non-prototype]
int ZEXPORT compress (dest, destLen, source, sourceLen)
            ^
compress.c:81:15: warning: a function definition without a prototype is deprecated in all versions of C and is not supported in C2x [-Wdeprecated-non-prototype]
uLong ZEXPORT compressBound (sourceLen)
              ^
3 warnings generated.
gcc -O2 -fPIC -march=native -mtune=native -fno-gcse  -D_LARGEFILE64_SOURCE=1  -c -o uncompr.o uncompr.c
clang-15: warning: optimization flag '-fno-gcse' is not supported [-Wignored-optimization-argument]
uncompr.c:27:13: warning: a function definition without a prototype is deprecated in all versions of C and is not supported in C2x [-Wdeprecated-non-prototype]
int ZEXPORT uncompress2 (dest, destLen, source, sourceLen)
            ^
uncompr.c:86:13: warning: a function definition without a prototype is deprecated in all versions of C and is not supported in C2x [-Wdeprecated-non-prototype]
int ZEXPORT uncompress (dest, destLen, source, sourceLen)
            ^
2 warnings generated.
gcc -O2 -fPIC -march=native -mtune=native -fno-gcse  -D_LARGEFILE64_SOURCE=1  -c -o gzclose.o gzclose.c
clang-15: warning: optimization flag '-fno-gcse' is not supported [-Wignored-optimization-argument]
gzclose.c:11:13: warning: a function definition without a prototype is deprecated in all versions of C and is not supported in C2x [-Wdeprecated-non-prototype]
int ZEXPORT gzclose(file)
            ^
1 warning generated.
gcc -O2 -fPIC -march=native -mtune=native -fno-gcse  -D_LARGEFILE64_SOURCE=1  -c -o gzlib.o gzlib.c
clang-15: warning: optimization flag '-fno-gcse' is not supported [-Wignored-optimization-argument]
gzlib.c:75:12: warning: a function definition without a prototype is deprecated in all versions of C and is not supported in C2x [-Wdeprecated-non-prototype]
local void gz_reset(state)
           ^
gzlib.c:75:12: warning: a function definition without a prototype is deprecated in all versions of C and is not supported in C2x [-Wdeprecated-non-prototype]
gzlib.c:91:14: warning: a function definition without a prototype is deprecated in all versions of C and is not supported in C2x [-Wdeprecated-non-prototype]
local gzFile gz_open(path, fd, mode)
             ^
gzlib.c:91:14: warning: a function definition without a prototype is deprecated in all versions of C and is not supported in C2x [-Wdeprecated-non-prototype]
gzlib.c:270:16: warning: a function definition without a prototype is deprecated in all versions of C and is not supported in C2x [-Wdeprecated-non-prototype]
gzFile ZEXPORT gzopen(path, mode)
               ^
gzlib.c:278:16: warning: a function definition without a prototype is deprecated in all versions of C and is not supported in C2x [-Wdeprecated-non-prototype]
gzFile ZEXPORT gzopen64(path, mode)
               ^
gzlib.c:286:16: warning: a function definition without a prototype is deprecated in all versions of C and is not supported in C2x [-Wdeprecated-non-prototype]
gzFile ZEXPORT gzdopen(fd, mode)
               ^
gzlib.c:316:13: warning: a function definition without a prototype is deprecated in all versions of C and is not supported in C2x [-Wdeprecated-non-prototype]
int ZEXPORT gzbuffer(file, size)
            ^
gzlib.c:343:13: warning: a function definition without a prototype is deprecated in all versions of C and is not supported in C2x [-Wdeprecated-non-prototype]
int ZEXPORT gzrewind(file)
            ^
gzlib.c:366:19: warning: a function definition without a prototype is deprecated in all versions of C and is not supported in C2x [-Wdeprecated-non-prototype]
z_off64_t ZEXPORT gzseek64(file, offset, whence)
                  ^
gzlib.c:443:17: warning: a function definition without a prototype is deprecated in all versions of C and is not supported in C2x [-Wdeprecated-non-prototype]
z_off_t ZEXPORT gzseek(file, offset, whence)
                ^
gzlib.c:455:19: warning: a function definition without a prototype is deprecated in all versions of C and is not supported in C2x [-Wdeprecated-non-prototype]
z_off64_t ZEXPORT gztell64(file)
                  ^
gzlib.c:472:17: warning: a function definition without a prototype is deprecated in all versions of C and is not supported in C2x [-Wdeprecated-non-prototype]
z_off_t ZEXPORT gztell(file)
                ^
gzlib.c:482:19: warning: a function definition without a prototype is deprecated in all versions of C and is not supported in C2x [-Wdeprecated-non-prototype]
z_off64_t ZEXPORT gzoffset64(file)
                  ^
gzlib.c:505:17: warning: a function definition without a prototype is deprecated in all versions of C and is not supported in C2x [-Wdeprecated-non-prototype]
z_off_t ZEXPORT gzoffset(file)
                ^
gzlib.c:515:13: warning: a function definition without a prototype is deprecated in all versions of C and is not supported in C2x [-Wdeprecated-non-prototype]
int ZEXPORT gzeof(file)
            ^
gzlib.c:532:22: warning: a function definition without a prototype is deprecated in all versions of C and is not supported in C2x [-Wdeprecated-non-prototype]
const char * ZEXPORT gzerror(file, errnum)
                     ^
gzlib.c:553:14: warning: a function definition without a prototype is deprecated in all versions of C and is not supported in C2x [-Wdeprecated-non-prototype]
void ZEXPORT gzclearerr(file)
             ^
gzlib.c:579:20: warning: a function definition without a prototype is deprecated in all versions of C and is not supported in C2x [-Wdeprecated-non-prototype]
void ZLIB_INTERNAL gz_error(state, err, msg)
                   ^
19 warnings generated.
gcc -O2 -fPIC -march=native -mtune=native -fno-gcse  -D_LARGEFILE64_SOURCE=1  -c -o gzread.o gzread.c
clang-15: warning: optimization flag '-fno-gcse' is not supported [-Wignored-optimization-argument]
gzread.c:21:11: warning: a function definition without a prototype is deprecated in all versions of C and is not supported in C2x [-Wdeprecated-non-prototype]
local int gz_load(state, buf, len, have)
          ^
gzread.c:21:11: warning: a function definition without a prototype is deprecated in all versions of C and is not supported in C2x [-Wdeprecated-non-prototype]
gzread.c:56:11: warning: a function definition without a prototype is deprecated in all versions of C and is not supported in C2x [-Wdeprecated-non-prototype]
local int gz_avail(state)
          ^
gzread.c:56:11: warning: a function definition without a prototype is deprecated in all versions of C and is not supported in C2x [-Wdeprecated-non-prototype]
gzread.c:91:11: warning: a function definition without a prototype is deprecated in all versions of C and is not supported in C2x [-Wdeprecated-non-prototype]
local int gz_look(state)
          ^
gzread.c:91:11: warning: a function definition without a prototype is deprecated in all versions of C and is not supported in C2x [-Wdeprecated-non-prototype]
gzread.c:175:11: warning: a function definition without a prototype is deprecated in all versions of C and is not supported in C2x [-Wdeprecated-non-prototype]
local int gz_decomp(state)
          ^
gzread.c:175:11: warning: a function definition without a prototype is deprecated in all versions of C and is not supported in C2x [-Wdeprecated-non-prototype]
gzread.c:229:11: warning: a function definition without a prototype is deprecated in all versions of C and is not supported in C2x [-Wdeprecated-non-prototype]
local int gz_fetch(state)
          ^
gzread.c:229:11: warning: a function definition without a prototype is deprecated in all versions of C and is not supported in C2x [-Wdeprecated-non-prototype]
gzread.c:259:11: warning: a function definition without a prototype is deprecated in all versions of C and is not supported in C2x [-Wdeprecated-non-prototype]
local int gz_skip(state, len)
          ^
gzread.c:259:11: warning: a function definition without a prototype is deprecated in all versions of C and is not supported in C2x [-Wdeprecated-non-prototype]
gzread.c:294:16: warning: a function definition without a prototype is deprecated in all versions of C and is not supported in C2x [-Wdeprecated-non-prototype]
local z_size_t gz_read(state, buf, len)
               ^
gzread.c:294:16: warning: a function definition without a prototype is deprecated in all versions of C and is not supported in C2x [-Wdeprecated-non-prototype]
gzread.c:375:13: warning: a function definition without a prototype is deprecated in all versions of C and is not supported in C2x [-Wdeprecated-non-prototype]
int ZEXPORT gzread(file, buf, len)
            ^
gzread.c:411:18: warning: a function definition without a prototype is deprecated in all versions of C and is not supported in C2x [-Wdeprecated-non-prototype]
z_size_t ZEXPORT gzfread(buf, size, nitems, file)
                 ^
gzread.c:447:13: warning: a function definition without a prototype is deprecated in all versions of C and is not supported in C2x [-Wdeprecated-non-prototype]
int ZEXPORT gzgetc(file)
            ^
gzread.c:476:13: warning: a function definition without a prototype is deprecated in all versions of C and is not supported in C2x [-Wdeprecated-non-prototype]
int ZEXPORT gzgetc_(file)
            ^
gzread.c:483:13: warning: a function definition without a prototype is deprecated in all versions of C and is not supported in C2x [-Wdeprecated-non-prototype]
int ZEXPORT gzungetc(c, file)
            ^
gzread.c:543:16: warning: a function definition without a prototype is deprecated in all versions of C and is not supported in C2x [-Wdeprecated-non-prototype]
char * ZEXPORT gzgets(file, buf, len)
               ^
gzread.c:607:13: warning: a function definition without a prototype is deprecated in all versions of C and is not supported in C2x [-Wdeprecated-non-prototype]
int ZEXPORT gzdirect(file)
            ^
gzread.c:627:13: warning: a function definition without a prototype is deprecated in all versions of C and is not supported in C2x [-Wdeprecated-non-prototype]
int ZEXPORT gzclose_r(file)
            ^
22 warnings generated.
gcc -O2 -fPIC -march=native -mtune=native -fno-gcse  -D_LARGEFILE64_SOURCE=1  -c -o gzwrite.o gzwrite.c
clang-15: warning: optimization flag '-fno-gcse' is not supported [-Wignored-optimization-argument]
gzwrite.c:17:11: warning: a function definition without a prototype is deprecated in all versions of C and is not supported in C2x [-Wdeprecated-non-prototype]
local int gz_init(state)
          ^
gzwrite.c:17:11: warning: a function definition without a prototype is deprecated in all versions of C and is not supported in C2x [-Wdeprecated-non-prototype]
gzwrite.c:73:11: warning: a function definition without a prototype is deprecated in all versions of C and is not supported in C2x [-Wdeprecated-non-prototype]
local int gz_comp(state, flush)
          ^
gzwrite.c:73:11: warning: a function definition without a prototype is deprecated in all versions of C and is not supported in C2x [-Wdeprecated-non-prototype]
gzwrite.c:145:11: warning: a function definition without a prototype is deprecated in all versions of C and is not supported in C2x [-Wdeprecated-non-prototype]
local int gz_zero(state, len)
          ^
gzwrite.c:145:11: warning: a function definition without a prototype is deprecated in all versions of C and is not supported in C2x [-Wdeprecated-non-prototype]
gzwrite.c:178:16: warning: a function definition without a prototype is deprecated in all versions of C and is not supported in C2x [-Wdeprecated-non-prototype]
local z_size_t gz_write(state, buf, len)
               ^
gzwrite.c:178:16: warning: a function definition without a prototype is deprecated in all versions of C and is not supported in C2x [-Wdeprecated-non-prototype]
gzwrite.c:246:13: warning: a function definition without a prototype is deprecated in all versions of C and is not supported in C2x [-Wdeprecated-non-prototype]
int ZEXPORT gzwrite(file, buf, len)
            ^
gzwrite.c:274:18: warning: a function definition without a prototype is deprecated in all versions of C and is not supported in C2x [-Wdeprecated-non-prototype]
z_size_t ZEXPORT gzfwrite(buf, size, nitems, file)
                 ^
gzwrite.c:304:13: warning: a function definition without a prototype is deprecated in all versions of C and is not supported in C2x [-Wdeprecated-non-prototype]
int ZEXPORT gzputc(file, c)
            ^
gzwrite.c:352:13: warning: a function definition without a prototype is deprecated in all versions of C and is not supported in C2x [-Wdeprecated-non-prototype]
int ZEXPORT gzputs(file, str)
            ^
gzwrite.c:553:13: warning: a function definition without a prototype is deprecated in all versions of C and is not supported in C2x [-Wdeprecated-non-prototype]
int ZEXPORT gzflush(file, flush)
            ^
gzwrite.c:585:13: warning: a function definition without a prototype is deprecated in all versions of C and is not supported in C2x [-Wdeprecated-non-prototype]
int ZEXPORT gzsetparams(file, level, strategy)
            ^
gzwrite.c:627:13: warning: a function definition without a prototype is deprecated in all versions of C and is not supported in C2x [-Wdeprecated-non-prototype]
int ZEXPORT gzclose_w(file)
            ^
15 warnings generated.
ar rc libz.a adler32.o crc32.o deflate.o infback.o inffast.o inflate.o inftrees.o trees.o zutil.o compress.o uncompr.o gzclose.o gzlib.o gzread.o gzwrite.o 
/bin/sh: ar: inaccessible or not found
make: *** [Makefile:131: libz.a] Error 127
